<?xml version="1.0" encoding="UTF-8"?>
<testsuite xmlns:xsi="http://www.w3.org/2001/XMLSchema-instance" xsi:noNamespaceSchemaLocation="https://maven.apache.org/surefire/maven-surefire-plugin/xsd/surefire-test-report.xsd" version="3.0.2" name="com.botanic.app.BotanicApplicationTests" time="6.917" tests="1" errors="0" skipped="0" failures="0">
  <properties>
[...]
</properties>
  <testcase name="contextLoads" classname="com.botanic.app.BotanicApplicationTests" time="1.564">
    <system-out><![CDATA[21:43:44.042 [main] INFO org.springframework.test.context.support.AnnotationConfigContextLoaderUtils -- Could not detect default configuration classes for test class [com.botanic.app.BotanicApplicationTests]: BotanicApplicationTests does not declare any static, non-private, non-final, nested classes annotated with @Configuration.
21:43:44.182 [main] INFO org.springframework.boot.test.context.SpringBootTestContextBootstrapper -- Found @SpringBootConfiguration com.botanic.app.BotanicApplication for test class com.botanic.app.BotanicApplicationTests
21:43:44.380 [main] INFO org.springframework.boot.devtools.restart.RestartApplicationListener -- Restart disabled due to context in which it is running

  .   ____          _            __ _ _
 /\\ / ___'_ __ _ _(_)_ __  __ _ \ \ \ \
( ( )\___ | '_ | '_| | '_ \/ _` | \ \ \ \
 \\/  ___)| |_)| | | | | || (_| |  ) ) ) )
  '  |____| .__|_| |_|_| |_\__, | / / / /
 =========|_|==============|___/=/_/_/_/

 :: Spring Boot ::                (v3.4.0)

2024-11-28T21:43:44.702-05:00  INFO 14812 --- [Botanic] [           main] c.botanic.app.BotanicApplicationTests    : Starting BotanicApplicationTests using Java 21.0.4 with PID 14812 (started by jairb in C:\mongo\Botanic)
2024-11-28T21:43:44.703-05:00  INFO 14812 --- [Botanic] [           main] c.botanic.app.BotanicApplicationTests    : The following 1 profile is active: "test"
2024-11-28T21:43:46.180-05:00  INFO 14812 --- [Botanic] [           main] .s.d.r.c.RepositoryConfigurationDelegate : Bootstrapping Spring Data MongoDB repositories in DEFAULT mode.
2024-11-28T21:43:46.286-05:00  INFO 14812 --- [Botanic] [           main] .s.d.r.c.RepositoryConfigurationDelegate : Finished Spring Data repository scanning in 98 ms. Found 22 MongoDB repository interfaces.
2024-11-28T21:43:47.044-05:00  INFO 14812 --- [Botanic] [           main] org.mongodb.driver.client                : MongoClient with metadata {"driver": {"name": "mongo-java-driver|sync|spring-boot", "version": "5.2.1"}, "os": {"type": "Windows", "name": "Windows 11", "architecture": "amd64", "version": "10.0"}, "platform": "Java/Eclipse Adoptium/21.0.4+7-LTS"} created with settings MongoClientSettings{readPreference=primary, writeConcern=WriteConcern{w=null, wTimeout=null ms, journal=null}, retryWrites=true, retryReads=true, readConcern=ReadConcern{level=null}, credential=MongoCredential{mechanism=null, userName='jairbgarcia19', source='admin', password=<hidden>, mechanismProperties=<hidden>}, transportSettings=null, commandListeners=[], codecRegistry=ProvidersCodecRegistry{codecProviders=[ValueCodecProvider{}, BsonValueCodecProvider{}, DBRefCodecProvider{}, DBObjectCodecProvider{}, DocumentCodecProvider{}, CollectionCodecProvider{}, IterableCodecProvider{}, MapCodecProvider{}, GeoJsonCodecProvider{}, GridFSFileCodecProvider{}, Jsr310CodecProvider{}, JsonObjectCodecProvider{}, BsonCodecProvider{}, EnumCodecProvider{}, com.mongodb.client.model.mql.ExpressionCodecProvider@6637a365, com.mongodb.Jep395RecordCodecProvider@1310fcb0, com.mongodb.KotlinCodecProvider@1ef31f71]}, loggerSettings=LoggerSettings{maxDocumentLength=1000}, clusterSettings={hosts=[127.0.0.1:27017], srvHost=jair0.su76r.mongodb.net, srvServiceName=mongodb, mode=MULTIPLE, requiredClusterType=REPLICA_SET, requiredReplicaSetName='atlas-n7kkqp-shard-0', serverSelector='null', clusterListeners='[]', serverSelectionTimeout='30000 ms', localThreshold='15 ms'}, socketSettings=SocketSettings{connectTimeoutMS=10000, readTimeoutMS=0, receiveBufferSize=0, proxySettings=ProxySettings{host=null, port=null, username=null, password=null}}, heartbeatSocketSettings=SocketSettings{connectTimeoutMS=10000, readTimeoutMS=10000, receiveBufferSize=0, proxySettings=ProxySettings{host=null, port=null, username=null, password=null}}, connectionPoolSettings=ConnectionPoolSettings{maxSize=100, minSize=0, maxWaitTimeMS=120000, maxConnectionLifeTimeMS=0, maxConnectionIdleTimeMS=0, maintenanceInitialDelayMS=0, maintenanceFrequencyMS=60000, connectionPoolListeners=[], maxConnecting=2}, serverSettings=ServerSettings{heartbeatFrequencyMS=10000, minHeartbeatFrequencyMS=500, serverMonitoringMode=AUTO, serverListeners='[]', serverMonitorListeners='[]'}, sslSettings=SslSettings{enabled=true, invalidHostNameAllowed=false, context=null}, applicationName='null', compressorList=[], uuidRepresentation=JAVA_LEGACY, serverApi=null, autoEncryptionSettings=null, dnsClient=null, inetAddressResolver=null, contextProvider=null, timeoutMS=null}
2024-11-28T21:43:47.187-05:00  INFO 14812 --- [Botanic] [76r.mongodb.net] org.mongodb.driver.cluster               : Adding discovered server jair0-shard-00-00.su76r.mongodb.net:27017 to client view of cluster
2024-11-28T21:43:47.218-05:00  INFO 14812 --- [Botanic] [76r.mongodb.net] org.mongodb.driver.cluster               : Adding discovered server jair0-shard-00-01.su76r.mongodb.net:27017 to client view of cluster
2024-11-28T21:43:47.221-05:00  INFO 14812 --- [Botanic] [76r.mongodb.net] org.mongodb.driver.cluster               : Adding discovered server jair0-shard-00-02.su76r.mongodb.net:27017 to client view of cluster
2024-11-28T21:43:48.357-05:00  INFO 14812 --- [Botanic] [ngodb.net:27017] org.mongodb.driver.cluster               : Monitor thread successfully connected to server with description ServerDescription{address=jair0-shard-00-02.su76r.mongodb.net:27017, type=REPLICA_SET_PRIMARY, cryptd=false, state=CONNECTED, ok=true, minWireVersion=0, maxWireVersion=25, maxDocumentSize=16777216, logicalSessionTimeoutMinutes=30, roundTripTimeNanos=563782700, minRoundTripTimeNanos=0, setName='atlas-n7kkqp-shard-0', canonicalAddress=jair0-shard-00-02.su76r.mongodb.net:27017, hosts=[jair0-shard-00-02.su76r.mongodb.net:27017, jair0-shard-00-01.su76r.mongodb.net:27017, jair0-shard-00-00.su76r.mongodb.net:27017], passives=[], arbiters=[], primary='jair0-shard-00-02.su76r.mongodb.net:27017', tagSet=TagSet{[Tag{name='availabilityZone', value='sae1-az2'}, Tag{name='diskState', value='READY'}, Tag{name='nodeType', value='ELECTABLE'}, Tag{name='provider', value='AWS'}, Tag{name='region', value='SA_EAST_1'}, Tag{name='workloadType', value='OPERATIONAL'}]}, electionId=7fffffff000000000000005d, setVersion=6, topologyVersion=TopologyVersion{processId=6740dd6800952f3711d80f2b, counter=6}, lastWriteDate=Thu Nov 28 21:43:46 COT 2024, lastUpdateTimeNanos=425956488200000}
2024-11-28T21:43:48.357-05:00  INFO 14812 --- [Botanic] [ngodb.net:27017] org.mongodb.driver.cluster               : Monitor thread successfully connected to server with description ServerDescription{address=jair0-shard-00-00.su76r.mongodb.net:27017, type=REPLICA_SET_SECONDARY, cryptd=false, state=CONNECTED, ok=true, minWireVersion=0, maxWireVersion=25, maxDocumentSize=16777216, logicalSessionTimeoutMinutes=30, roundTripTimeNanos=608089100, minRoundTripTimeNanos=0, setName='atlas-n7kkqp-shard-0', canonicalAddress=jair0-shard-00-00.su76r.mongodb.net:27017, hosts=[jair0-shard-00-02.su76r.mongodb.net:27017, jair0-shard-00-01.su76r.mongodb.net:27017, jair0-shard-00-00.su76r.mongodb.net:27017], passives=[], arbiters=[], primary='jair0-shard-00-02.su76r.mongodb.net:27017', tagSet=TagSet{[Tag{name='availabilityZone', value='sae1-az1'}, Tag{name='diskState', value='READY'}, Tag{name='nodeType', value='ELECTABLE'}, Tag{name='provider', value='AWS'}, Tag{name='region', value='SA_EAST_1'}, Tag{name='workloadType', value='OPERATIONAL'}]}, electionId=null, setVersion=6, topologyVersion=TopologyVersion{processId=6740d99ade1933d819fc28c4, counter=4}, lastWriteDate=Thu Nov 28 21:43:46 COT 2024, lastUpdateTimeNanos=425956488200000}
2024-11-28T21:43:48.358-05:00  INFO 14812 --- [Botanic] [ngodb.net:27017] org.mongodb.driver.cluster               : Monitor thread successfully connected to server with description ServerDescription{address=jair0-shard-00-01.su76r.mongodb.net:27017, type=REPLICA_SET_SECONDARY, cryptd=false, state=CONNECTED, ok=true, minWireVersion=0, maxWireVersion=25, maxDocumentSize=16777216, logicalSessionTimeoutMinutes=30, roundTripTimeNanos=610278700, minRoundTripTimeNanos=0, setName='atlas-n7kkqp-shard-0', canonicalAddress=jair0-shard-00-01.su76r.mongodb.net:27017, hosts=[jair0-shard-00-02.su76r.mongodb.net:27017, jair0-shard-00-01.su76r.mongodb.net:27017, jair0-shard-00-00.su76r.mongodb.net:27017], passives=[], arbiters=[], primary='jair0-shard-00-02.su76r.mongodb.net:27017', tagSet=TagSet{[Tag{name='availabilityZone', value='sae1-az3'}, Tag{name='diskState', value='READY'}, Tag{name='nodeType', value='ELECTABLE'}, Tag{name='provider', value='AWS'}, Tag{name='region', value='SA_EAST_1'}, Tag{name='workloadType', value='OPERATIONAL'}]}, electionId=null, setVersion=6, topologyVersion=TopologyVersion{processId=6740e0fbde68debc5d565380, counter=3}, lastWriteDate=Thu Nov 28 21:43:46 COT 2024, lastUpdateTimeNanos=425956488200000}
2024-11-28T21:43:48.361-05:00  INFO 14812 --- [Botanic] [ngodb.net:27017] org.mongodb.driver.cluster               : Discovered replica set primary jair0-shard-00-02.su76r.mongodb.net:27017 with max election id 7fffffff000000000000005d and max set version 6
2024-11-28T21:43:49.164-05:00  INFO 14812 --- [Botanic] [           main] c.botanic.app.BotanicApplicationTests    : Started BotanicApplicationTests in 4.8 seconds (process running for 6.142)
]]></system-out>
    <system-err><![CDATA[Mockito is currently self-attaching to enable the inline-mock-maker. This will no longer work in future releases of the JDK. Please add Mockito as an agent to your build what is described in Mockito's documentation: https://javadoc.io/doc/org.mockito/mockito-core/latest/org/mockito/Mockito.html#0.3
WARNING: A Java agent has been loaded dynamically (C:\Users\jairb\.m2\repository\net\bytebuddy\byte-buddy-agent\1.15.10\byte-buddy-agent-1.15.10.jar)
WARNING: If a serviceability tool is in use, please run with -XX:+EnableDynamicAgentLoading to hide this warning
WARNING: If a serviceability tool is not in use, please run with -Djdk.instrument.traceUsage for more information
WARNING: Dynamic loading of agents will be disallowed by default in a future release
]]></system-err>
  </testcase>
</testsuite>